Server running on port 3000
Error: ER_DUP_ENTRY: Duplicate entry 'mohit.raj@motivitylabs.com' for key 'users.email'
    at Sequence._packetToError (/home/ubuntu/LMS-Nodejs-MYSQL/node_modules/mysql/lib/protocol/sequences/Sequence.js:47:14)
    at Query.ErrorPacket (/home/ubuntu/LMS-Nodejs-MYSQL/node_modules/mysql/lib/protocol/sequences/Query.js:79:18)
    at Protocol._parsePacket (/home/ubuntu/LMS-Nodejs-MYSQL/node_modules/mysql/lib/protocol/Protocol.js:291:23)
    at Parser._parsePacket (/home/ubuntu/LMS-Nodejs-MYSQL/node_modules/mysql/lib/protocol/Parser.js:433:10)
    at Parser.write (/home/ubuntu/LMS-Nodejs-MYSQL/node_modules/mysql/lib/protocol/Parser.js:43:10)
    at Protocol.write (/home/ubuntu/LMS-Nodejs-MYSQL/node_modules/mysql/lib/protocol/Protocol.js:38:16)
    at Socket.<anonymous> (/home/ubuntu/LMS-Nodejs-MYSQL/node_modules/mysql/lib/Connection.js:88:28)
    at Socket.<anonymous> (/home/ubuntu/LMS-Nodejs-MYSQL/node_modules/mysql/lib/Connection.js:526:10)
    at Socket.emit (node:events:517:28)
    at addChunk (node:internal/streams/readable:368:12)
    --------------------
    at Protocol._enqueue (/home/ubuntu/LMS-Nodejs-MYSQL/node_modules/mysql/lib/protocol/Protocol.js:144:48)
    at Connection.query (/home/ubuntu/LMS-Nodejs-MYSQL/node_modules/mysql/lib/Connection.js:198:25)
    at Object.executeQuery (/home/ubuntu/LMS-Nodejs-MYSQL/models/config.js:23:15)
    at Object.createUser (/home/ubuntu/LMS-Nodejs-MYSQL/models/userModel.js:12:8)
    at /home/ubuntu/LMS-Nodejs-MYSQL/controllers/signup.js:27:23
    at complete (/home/ubuntu/LMS-Nodejs-MYSQL/node_modules/async-validator-2/lib/index.js:107:7)
    at /home/ubuntu/LMS-Nodejs-MYSQL/node_modules/async-validator-2/lib/index.js:243:7
    at next (/home/ubuntu/LMS-Nodejs-MYSQL/node_modules/async-validator-2/lib/util.js:170:7)
    at count (/home/ubuntu/LMS-Nodejs-MYSQL/node_modules/async-validator-2/lib/util.js:115:7)
    at cb (/home/ubuntu/LMS-Nodejs-MYSQL/node_modules/async-validator-2/lib/index.js:191:11) {
  code: 'ER_DUP_ENTRY',
  errno: 1062,
  sqlMessage: "Duplicate entry 'mohit.raj@motivitylabs.com' for key 'users.email'",
  sqlState: '23000',
  index: 0,
  sql: "INSERT INTO users VALUES(null, 'Mohit Raj', '09848577829', 'mohit.raj@motivitylabs.com', 0, '123456', 'Hyderabad', 'Male')"
}
